<?xml version="1.0" encoding="UTF-8"?>
<!-- Generated by org.testng.reporters.JUnitXMLReporter -->
<testsuite ignored="0" hostname="DESKTOP-788G5UR" failures="1" tests="1" name="Default test" time="80.611" errors="0" timestamp="2023-07-26T15:02:10 PKT">
  <testcase classname="io.cucumber.testng.AbstractTestNGCucumberTests" name="runScenario" time="79.37">
    <failure type="java.lang.NullPointerException" message="Cannot invoke &amp;quot;org.openqa.selenium.WebDriver.findElement(org.openqa.selenium.By)&amp;quot; because &amp;quot;this.driver&amp;quot; is null">
      <![CDATA[java.lang.NullPointerException: Cannot invoke "org.openqa.selenium.WebDriver.findElement(org.openqa.selenium.By)" because "this.driver" is null
at pages.SelectDate.selectdate(SelectDate.java:26)
at Steps.Seleniumchik2_pom.i_select_a_date(Seleniumchik2_pom.java:114)
at ✽.I select a date(file:///C:/Users/Abrar/eclipse-workspace/Seleniumchik/src/test/java/features/seleniumchik.feature:9)
]]>
    </failure>
  </testcase> <!-- runScenario -->
</testsuite> <!-- Default test -->
