<?xml version="1.0" encoding="UTF-8"?>
<!-- Generated by org.testng.reporters.JUnitReportReporter -->
<testsuite hostname="DESKTOP-788G5UR" failures="0" tests="1" name="Runner.Testrunner" time="79.370" errors="1" timestamp="2023-07-26T15:02:10 PKT" skipped="0">
  <testcase classname="Runner.Testrunner" name="runScenario" time="79.370">
    <error message="Cannot invoke &quot;org.openqa.selenium.WebDriver.findElement(org.openqa.selenium.By)&quot; because &quot;this.driver&quot; is null" type="java.lang.NullPointerException">
      <![CDATA[java.lang.NullPointerException: Cannot invoke "org.openqa.selenium.WebDriver.findElement(org.openqa.selenium.By)" because "this.driver" is null
at pages.SelectDate.selectdate(SelectDate.java:26)
at Steps.Seleniumchik2_pom.i_select_a_date(Seleniumchik2_pom.java:114)
at ✽.I select a date(file:///C:/Users/Abrar/eclipse-workspace/Seleniumchik/src/test/java/features/seleniumchik.feature:9)
]]>
    </error>
  </testcase> <!-- runScenario -->
  <system-out/>
</testsuite> <!-- Runner.Testrunner -->
